[debug] [2024-07-21T01:38:37.668Z] ----------------------------------------------------------------------
[debug] [2024-07-21T01:38:37.670Z] Command:       /usr/local/bin/firebase /Users/shotaruo/.cache/firebase/tools/lib/node_modules/firebase-tools/lib/bin/firebase init
[debug] [2024-07-21T01:38:37.670Z] CLI Version:   13.11.4
[debug] [2024-07-21T01:38:37.670Z] Platform:      darwin
[debug] [2024-07-21T01:38:37.671Z] Node Version:  v18.5.0
[debug] [2024-07-21T01:38:37.675Z] Time:          Sat Jul 20 2024 18:38:37 GMT-0700 (Pacific Daylight Time)
[debug] [2024-07-21T01:38:37.675Z] ----------------------------------------------------------------------
[debug] 
[debug] [2024-07-21T01:38:37.785Z] > command requires scopes: ["email","openid","https://www.googleapis.com/auth/cloudplatformprojects.readonly","https://www.googleapis.com/auth/firebase","https://www.googleapis.com/auth/cloud-platform"]
[debug] [2024-07-21T01:38:37.788Z] > authorizing via signed-in user (scruo@ucdavis.edu)
[info] 
     ######## #### ########  ######## ########     ###     ######  ########
     ##        ##  ##     ## ##       ##     ##  ##   ##  ##       ##
     ######    ##  ########  ######   ########  #########  ######  ######
     ##        ##  ##    ##  ##       ##     ## ##     ##       ## ##
     ##       #### ##     ## ######## ########  ##     ##  ######  ########

You're about to initialize a Firebase project in this directory:

  /Users/shotaruo/shoota-hoops

Before we get started, keep in mind:

  * You are initializing within an existing Firebase project directory

[info] 
=== Project Setup
[info] 
[info] First, let's associate this project directory with a Firebase project.
[info] You can create multiple project aliases by running firebase use --add, 
[info] but for now we'll just set up a default project.
[info] 
[debug] [2024-07-21T01:38:44.333Z] Using project from CLI flag: shoota-hoops
[debug] [2024-07-21T01:38:44.338Z] >>> [apiv2][query] GET https://firebase.googleapis.com/v1beta1/projects/shoota-hoops [none]
[debug] [2024-07-21T01:38:44.951Z] <<< [apiv2][status] GET https://firebase.googleapis.com/v1beta1/projects/shoota-hoops 200
[debug] [2024-07-21T01:38:44.953Z] <<< [apiv2][body] GET https://firebase.googleapis.com/v1beta1/projects/shoota-hoops {"projectId":"shoota-hoops","projectNumber":"207317265207","displayName":"shoota-hoops","name":"projects/shoota-hoops","resources":{"hostingSite":"shoota-hoops"},"state":"ACTIVE","etag":"1_06671393-7276-43fe-a903-1f3fc7d9a09a"}
[info] i  Using project shoota-hoops (shoota-hoops) 
[info] 
=== Hosting Setup
[debug] [2024-07-21T01:38:44.964Z] >>> [apiv2][query] GET https://firebase.googleapis.com/v1beta1/projects/shoota-hoops [none]
[debug] [2024-07-21T01:38:45.455Z] <<< [apiv2][status] GET https://firebase.googleapis.com/v1beta1/projects/shoota-hoops 200
[debug] [2024-07-21T01:38:45.455Z] <<< [apiv2][body] GET https://firebase.googleapis.com/v1beta1/projects/shoota-hoops {"projectId":"shoota-hoops","projectNumber":"207317265207","displayName":"shoota-hoops","name":"projects/shoota-hoops","resources":{"hostingSite":"shoota-hoops"},"state":"ACTIVE","etag":"1_06671393-7276-43fe-a903-1f3fc7d9a09a"}
[info] 
[info] Your public directory is the folder (relative to your project directory) that
[info] will contain Hosting assets to be uploaded with firebase deploy. If you
[info] have a build process for your assets, use your build's output directory.
[info] 
